Running: D:\Xilinx\14.7\ISE_DS\ISE\bin\nt64\unwrapped\fuse.exe -intstyle ise -incremental -lib unisims_ver -lib unimacro_ver -lib xilinxcorelib_ver -o D:/MKC/Lab_1/Decoder/My2L2Decoder_isim_beh.exe -prj D:/MKC/Lab_1/Decoder/My2L2Decoder_beh.prj work.My2L2Decoder work.glbl 
ISim P.20131013 (signature 0x7708f090)
Number of CPUs detected in this system: 4
Turning on mult-threading, number of parallel sub-compilation jobs: 8 
Determining compilation order of HDL files
Analyzing Verilog file "D:/MKC/Lab_1/Decoder/My2L2Decoder.vf" into library work
Analyzing Verilog file "D:/Xilinx/14.7/ISE_DS/ISE//verilog/src/glbl.v" into library work
Starting static elaboration
Completed static elaboration
Compiling module AND3
Compiling module AND3B1
Compiling module AND3B2
Compiling module AND3B3
Compiling module My2L2Decoder
Compiling module glbl
Time Resolution for simulation is 1ps.
Waiting for 1 sub-compilation(s) to finish...
Compiled 6 Verilog Units
Built simulation executable D:/MKC/Lab_1/Decoder/My2L2Decoder_isim_beh.exe
Fuse Memory Usage: 26800 KB
Fuse CPU Usage: 608 ms
