Command line:
   My2L2Decoder_isim_beh.exe
     -simmode  gui
     -simrunnum  0
     -socket  1493

Mon Mar 27 22:21:07 2023


 Elaboration Time: 0.078125 sec

 Current Memory Usage: 5176.12 Meg

 Total Signals          : 61
 Total Nets             : 33
 Total Signal Drivers   : 22
 Total Blocks           : 9
 Total Primitive Blocks : 8
 Total Processes        : 23
 Total Traceable Variables  : 18
 Total Scalar Nets and Variables : 113
Total Line Count : 14
Total Line Count : 14

 Total Simulation Time: 0.09375 sec

 Current Memory Usage: 4704.26 Meg

Tue Mar 28 05:44:32 2023

